2017-09-11 11:19:17,844 INFO - root - Initialising application
2017-09-11 11:19:17,848 INFO - root - Initialise global hotkeys
2017-09-11 11:19:17,848 INFO - config-manager - Loading config from existing file: /home/tim/.config/autokey/autokey.json
2017-09-11 11:19:17,849 INFO - config-manager - Configuration changed - rebuilding in-memory structures
2017-09-11 11:19:17,850 INFO - config-manager - Successfully loaded configuration
2017-09-11 11:19:17,850 INFO - service - Starting service
2017-09-11 11:19:17,904 INFO - interface - XRecord interface thread starting
2017-09-11 11:19:17,905 INFO - service - Service now marked as running
2017-09-11 11:19:17,929 INFO - root - Displaying configuration window
2017-09-11 11:19:18,073 INFO - root - Entering main()
2017-09-11 11:19:37,617 INFO - config-manager - Configuration changed - rebuilding in-memory structures
2017-09-11 11:19:37,617 INFO - config-manager - Persisting configuration
2017-09-11 11:19:37,618 INFO - config-manager - Backing up existing config file
2017-09-11 11:19:37,621 INFO - config-manager - Finished persisting configuration - no errors
2017-09-11 11:27:55,835 INFO - root - Shutting down
2017-09-11 11:27:55,835 INFO - service - Service shutting down
2017-09-11 11:27:55,958 INFO - config-manager - Persisting configuration
2017-09-11 11:27:55,958 INFO - config-manager - Backing up existing config file
2017-09-11 11:27:55,960 INFO - config-manager - Finished persisting configuration - no errors
2017-09-11 11:27:56,339 INFO - inotify - Shutting down file monitor
