2026-06-14 12:50:49,279 [INFO ] [studio.webui.service.StoryTellerService] [StoryTellerService.java:53]: Setting up story teller driver

2026-06-14 12:50:49,290 [DEBUG] [studio.driver.raw.RawStoryTellerAsyncDriver] [RawStoryTellerAsyncDriver.java:44]: Registering hotplug listener
2026-06-14 12:50:49,295 [INFO ] [studio.driver.LibUsbDetectionHelper] [LibUsbDetectionHelper.java:48]: Initializing libusb...
2026-06-14 12:50:49,314 [INFO ] [studio.driver.LibUsbDetectionHelper] [LibUsbDetectionHelper.java:64]: Hotplug is supported. Registering hotplug callback(s)...
2026-06-14 12:50:49,314 [DEBUG] [studio.driver.LibUsbAsyncEventsWorker] [LibUsbAsyncEventsWorker.java:32]: Starting worker thread to handle libusb async events...
2026-06-14 12:50:49,319 [DEBUG] [studio.driver.fs.FsStoryTellerAsyncDriver] [FsStoryTellerAsyncDriver.java:57]: Registering hotplug listener
2026-06-14 12:50:49,320 [INFO ] [studio.driver.LibUsbDetectionHelper] [LibUsbDetectionHelper.java:48]: Initializing libusb...
2026-06-14 12:50:49,322 [INFO ] [studio.driver.LibUsbDetectionHelper] [LibUsbDetectionHelper.java:64]: Hotplug is supported. Registering hotplug callback(s)...
2026-06-14 12:50:49,323 [INFO ] [studio.driver.LibUsbDetectionHelper] [LibUsbDetectionHelper.java:115]: Hotplug event callback (0483:a341): 1
2026-06-14 12:50:49,322 [DEBUG] [studio.driver.LibUsbAsyncEventsWorker] [LibUsbAsyncEventsWorker.java:32]: Starting worker thread to handle libusb async events...
2026-06-14 12:50:49,326 [DEBUG] [studio.driver.fs.FsStoryTellerAsyncDriver] [FsStoryTellerAsyncDriver.java:62]: Waiting for device partition...
2026-06-14 12:50:49,424 [INFO ] [studio.webui.MainVerticle] [MainVerticle.java:106]: Opening URL in default browser...
2026-06-14 12:50:49,445 [INFO ] [io.vertx.core.impl.launcher.commands.VertxIsolatedDeployer] [VertxIsolatedDeployer.java:81]: Succeeded in deploying verticle
2026-06-14 12:50:50,360 [INFO ] [studio.driver.fs.FsStoryTellerAsyncDriver] [FsStoryTellerAsyncDriver.java:71]: FS device partition located: /media/tim/LUNII
2026-06-14 12:50:50,361 [INFO ] [studio.webui.service.StoryTellerService] [StoryTellerService.java:113]: Device 2.x plugged
2026-06-14 12:50:50,364 [ERROR] [studio.webui.service.StoryTellerService] [StoryTellerService.java:118]: Failed to plug device 2.x
studio.driver.StoryTellerException: Unsupported device metadata format version: 7
	at studio.driver.fs.FsStoryTellerAsyncDriver.getDeviceInfos(FsStoryTellerAsyncDriver.java:128)
	at studio.webui.service.StoryTellerService$2.lambda$onDevicePlugged$1(StoryTellerService.java:115)
	at java.base/java.util.concurrent.CompletableFuture$AsyncRun.run(CompletableFuture.java:1804)
	at java.base/java.util.concurrent.CompletableFuture$AsyncRun.exec(CompletableFuture.java:1796)
	at java.base/java.util.concurrent.ForkJoinTask.doExec(ForkJoinTask.java:387)
	at java.base/java.util.concurrent.ForkJoinPool$WorkQueue.topLevelExec(ForkJoinPool.java:1312)
	at java.base/java.util.concurrent.ForkJoinPool.scan(ForkJoinPool.java:1843)
	at java.base/java.util.concurrent.ForkJoinPool.runWorker(ForkJoinPool.java:1808)
	at java.base/java.util.concurrent.ForkJoinWorkerThread.run(ForkJoinWorkerThread.java:188)
2026-06-14 12:53:30,739 [INFO ] [studio.driver.LibUsbDetectionHelper] [LibUsbDetectionHelper.java:92]: Stopping async event handling worker thread
2026-06-14 12:53:30,739 [INFO ] [studio.driver.LibUsbDetectionHelper] [LibUsbDetectionHelper.java:92]: Stopping async event handling worker thread
