{
  event = "win_hide",
  kind = 4
}
{
  event = "win_hide",
  kind = 117
}
{
  event = "msg_clear"
}
{
  event = "msg_showcmd",
  kind = { { 0, "l", 0 } }
}
{
  event = "msg_showcmd",
  kind = {}
}
{
  event = "msg_showcmd",
  kind = { { 0, "l", 0 } }
}
{
  event = "msg_showcmd",
  kind = {}
}
{
  event = "msg_showcmd",
  kind = { { 0, "l", 0 } }
}
{
  event = "msg_showcmd",
  kind = {}
}
{
  event = "msg_showcmd",
  kind = { { 0, "l", 0 } }
}
{
  event = "msg_showcmd",
  kind = {}
}
{
  event = "msg_showcmd",
  kind = { { 0, "l", 0 } }
}
{
  event = "msg_showcmd",
  kind = {}
}
{
  event = "msg_showcmd",
  kind = { { 0, "l", 0 } }
}
{
  event = "msg_showcmd",
  kind = {}
}
{
  event = "msg_showcmd",
  kind = { { 0, "l", 0 } }
}
{
  event = "msg_showcmd",
  kind = {}
}
{
  event = "msg_showcmd",
  kind = { { 0, "l", 0 } }
}
{
  event = "msg_showcmd",
  kind = {}
}
{
  event = "msg_showcmd",
  kind = { { 0, "l", 0 } }
}
{
  event = "msg_showcmd",
  kind = {}
}
{
  event = "msg_showcmd",
  kind = { { 0, "l", 0 } }
}
{
  event = "msg_showcmd",
  kind = {}
}
{
  event = "msg_showcmd",
  kind = { { 0, "l", 0 } }
}
{
  event = "msg_showcmd",
  kind = {}
}
{
  event = "msg_showcmd",
  kind = { { 0, "l", 0 } }
}
{
  event = "msg_showcmd",
  kind = {}
}
{
  event = "msg_showcmd",
  kind = { { 0, "l", 0 } }
}
{
  event = "msg_showcmd",
  kind = {}
}
{
  event = "msg_showcmd",
  kind = { { 0, "l", 0 } }
}
{
  event = "msg_showcmd",
  kind = {}
}
{
  event = "msg_showcmd",
  kind = { { 0, "l", 0 } }
}
{
  event = "msg_showcmd",
  kind = {}
}
{
  event = "msg_showcmd",
  kind = { { 0, "l", 0 } }
}
{
  event = "msg_showcmd",
  kind = {}
}
{
  event = "msg_showcmd",
  kind = { { 0, "l", 0 } }
}
{
  event = "msg_showcmd",
  kind = {}
}
{
  event = "msg_showcmd",
  kind = { { 0, "l", 0 } }
}
{
  event = "msg_showcmd",
  kind = {}
}
{
  event = "msg_showcmd",
  kind = { { 0, "l", 0 } }
}
{
  event = "msg_showcmd",
  kind = {}
}
{
  event = "msg_showcmd",
  kind = { { 0, "l", 0 } }
}
{
  event = "msg_showcmd",
  kind = {}
}
{
  event = "msg_showcmd",
  kind = { { 0, ".", 0 } }
}
{
  event = "msg_showcmd",
  kind = {}
}
{
  event = "msg_showcmd",
  kind = { { 0, "gj", 0 } }
}
{
  event = "msg_showcmd",
  kind = {}
}
{
  event = "msg_showcmd",
  kind = { { 0, ".", 0 } }
}
{
  event = "msg_showcmd",
  kind = {}
}
{
  event = "msg_showcmd",
  kind = { { 0, "^[", 0 } }
}
{
  event = "msg_showcmd",
  kind = {}
}
{
  event = "win_hide",
  kind = 171
}
{
  event = "win_hide",
  kind = 4
}
{
  event = "win_hide",
  kind = 170
}
{
  event = "win_hide",
  kind = 117
}
{
  event = "win_hide",
  kind = 163
}
{
  event = "win_hide",
  kind = 162
}
{
  event = "msg_clear"
}
{
  event = "msg_showcmd",
  kind = { { 0, "gT", 0 } }
}
{
  event = "msg_showcmd",
  kind = {}
}
{
  event = "win_hide",
  kind = 170
}
{
  event = "win_hide",
  kind = 117
}
{
  event = "msg_showcmd",
  kind = { { 0, "gT", 0 } }
}
{
  event = "msg_showcmd",
  kind = {}
}
{
  event = "win_hide",
  kind = 170
}
{
  event = "win_hide",
  kind = 117
}
{
  event = "msg_showcmd",
  kind = { { 0, "gt", 0 } }
}
{
  event = "msg_showcmd",
  kind = {}
}
{
  event = "win_hide",
  kind = 163
}
{
  event = "win_hide",
  kind = 162
}
{
  event = "msg_showcmd",
  kind = { { 0, "gt", 0 } }
}
{
  event = "msg_showcmd",
  kind = {}
}
{
  event = "win_hide",
  kind = 163
}
{
  event = "win_hide",
  kind = 162
}
{
  event = "msg_showcmd",
  kind = { { 0, "gT", 0 } }
}
{
  event = "msg_showcmd",
  kind = {}
}
{
  event = "msg_showcmd",
  kind = { { 0, "gt", 0 } }
}
{
  event = "win_hide",
  kind = 171
}
{
  event = "win_hide",
  kind = 4
}
{
  event = "win_hide",
  kind = 170
}
{
  event = "win_hide",
  kind = 117
}
{
  event = "win_hide",
  kind = 163
}
{
  event = "win_hide",
  kind = 162
}
{
  event = "msg_showcmd",
  kind = { { 0, "gj", 0 } }
}
{
  event = "msg_showcmd",
  kind = {}
}
{
  event = "msg_showcmd",
  kind = { { 0, "gj", 0 } }
}
{
  event = "msg_showcmd",
  kind = {}
}
{
  event = "msg_showcmd",
  kind = { { 0, "gj", 0 } }
}
{
  event = "msg_showcmd",
  kind = {}
}
{
  event = "msg_showcmd",
  kind = { { 0, "gj", 0 } }
}
{
  event = "msg_showcmd",
  kind = {}
}
{
  event = "msg_showcmd",
  kind = { { 0, "gj", 0 } }
}
{
  event = "msg_showcmd",
  kind = {}
}
{
  event = "msg_showcmd",
  kind = { { 0, "gj", 0 } }
}
{
  event = "msg_showcmd",
  kind = {}
}
{
  event = "msg_showcmd",
  kind = { { 0, "gj", 0 } }
}
{
  event = "msg_showcmd",
  kind = {}
}
{
  event = "msg_showcmd",
  kind = { { 0, "gj", 0 } }
}
{
  event = "msg_showcmd",
  kind = {}
}
{
  event = "msg_showcmd",
  kind = { { 0, "gj", 0 } }
}
{
  event = "msg_showcmd",
  kind = {}
}
{
  event = "msg_showcmd",
  kind = { { 0, "gj", 0 } }
}
{
  event = "msg_showcmd",
  kind = {}
}
{
  event = "msg_showcmd",
  kind = { { 0, "gT", 0 } }
}
{
  event = "msg_showcmd",
  kind = {}
}
{
  event = "win_hide",
  kind = 163
}
{
  event = "win_hide",
  kind = 162
}
{
  event = "msg_showcmd",
  kind = { { 0, "gT", 0 } }
}
{
  event = "msg_showcmd",
  kind = {}
}
{
  event = "win_hide",
  kind = 163
}
{
  event = "win_hide",
  kind = 162
}
{
  event = "msg_showcmd",
  kind = { { 0, "gT", 0 } }
}
{
  event = "msg_showcmd",
  kind = { { 0, "gT", 0 } }
}
{
  event = "msg_showcmd",
  kind = {}
}
{
  event = "win_hide",
  kind = 170
}
{
  event = "win_hide",
  kind = 117
}
{
  event = "msg_showcmd",
  kind = { { 0, "gt", 0 } }
}
{
  event = "msg_showcmd",
  kind = {}
}
{
  event = "win_hide",
  kind = 163
}
{
  event = "win_hide",
  kind = 162
}
{
  event = "msg_showcmd",
  kind = {}
}
{
  event = "win_hide",
  kind = 163
}
{
  event = "win_hide",
  kind = 162
}
{
  event = "msg_showcmd",
  kind = { { 0, "gT", 0 } }
}
{
  event = "msg_showcmd",
  kind = {}
}
{
  event = "win_hide",
  kind = 163
}
{
  event = "win_hide",
  kind = 162
}
{
  event = "msg_showcmd",
  kind = { { 0, "gT", 0 } }
}
{
  event = "msg_showcmd",
  kind = {}
}
{
  event = "win_hide",
  kind = 163
}
{
  event = "win_hide",
  kind = 162
}
{
  event = "msg_showcmd",
  kind = { { 0, "gT", 0 } }
}
{
  event = "msg_showcmd",
  kind = {}
}
{
  event = "msg_showcmd",
  kind = { { 0, "gj", 0 } }
}
{
  event = "msg_showcmd",
  kind = {}
}
{
  event = "msg_showcmd",
  kind = { { 0, "gj", 0 } }
}
{
  event = "msg_showcmd",
  kind = {}
}
{
  event = "msg_showcmd",
  kind = { { 0, "gj", 0 } }
}
{
  event = "msg_showcmd",
  kind = {}
}
{
  event = "msg_showcmd",
  kind = { { 0, "gj", 0 } }
}
{
  event = "msg_showcmd",
  kind = {}
}
{
  event = "msg_showcmd",
  kind = { { 0, "gj", 0 } }
}
{
  event = "msg_showcmd",
  kind = {}
}
{
  event = "msg_showcmd",
  kind = { { 0, "gj", 0 } }
}
{
  event = "msg_showcmd",
  kind = {}
}
{
  event = "msg_showcmd",
  kind = { { 0, "gj", 0 } }
}
{
  event = "msg_showcmd",
  kind = {}
}
{
  event = "msg_showcmd",
  kind = { { 0, "gj", 0 } }
}
{
  event = "msg_showcmd",
  kind = {}
}
{
  event = "msg_showcmd",
  kind = { { 0, "gj", 0 } }
}
{
  event = "msg_showcmd",
  kind = {}
}
{
  event = "msg_showcmd",
  kind = { { 0, "gj", 0 } }
}
{
  event = "msg_showcmd",
  kind = {}
}
{
  event = "msg_showcmd",
  kind = { { 0, "gj", 0 } }
}
{
  event = "msg_showcmd",
  kind = {}
}
{
  event = "msg_showcmd",
  kind = { { 0, "gT", 0 } }
}
{
  event = "msg_showcmd",
  kind = {}
}
{
  event = "win_hide",
  kind = 194
}
{
  event = "msg_showcmd",
  kind = { { 0, "gt", 0 } }
}
{
  event = "msg_showcmd",
  kind = {}
}
{
  event = "msg_showcmd",
  kind = { { 0, "gT", 0 } }
}
{
  event = "msg_showcmd",
  kind = { { 0, "gT", 0 } }
}
{
  event = "msg_showcmd",
  kind = {}
}
{
  event = "win_hide",
  kind = 170
}
{
  event = "win_hide",
  kind = 117
}
{
  event = "msg_showcmd",
  kind = { { 0, "gt", 0 } }
}
{
  event = "msg_showcmd",
  kind = {}
}
{
  event = "msg_showcmd",
  kind = { { 0, "gT", 0 } }
}
{
  event = "msg_showcmd",
  kind = {}
}
{
  event = "win_hide",
  kind = 170
}
{
  event = "win_hide",
  kind = 117
}
{
  event = "msg_showcmd",
  kind = { { 0, "gt", 0 } }
}
{
  event = "msg_showcmd",
  kind = {}
}
{
  event = "win_hide",
  kind = 170
}
{
  event = "win_hide",
  kind = 117
}
{
  event = "msg_clear"
}
{
  event = "msg_showcmd",
  kind = { { 0, "/", 0 } }
}
{ 0, "/", "", 0, 1, 0,
  event = "cmdline_show",
  kind = { { 0, "" } }
}
{ 1, "/", "", 0, 1, 0,
  event = "cmdline_show",
  kind = { { 0, "s" } }
}
{ 1, "/", "", 0, 1, 0,
  event = "cmdline_show",
  kind = { { 0, "s" } }
}
{ 2, "/", "", 0, 1, 0,
  event = "cmdline_show",
  kind = { { 0, "sc" } }
}
{ 2, "/", "", 0, 1, 0,
  event = "cmdline_show",
  kind = { { 0, "sc" } }
}
{ 3, "/", "", 0, 1, 0,
  event = "cmdline_show",
  kind = { { 0, "scr" } }
}
{ 3, "/", "", 0, 1, 0,
  event = "cmdline_show",
  kind = { { 0, "scr" } }
}
{ 4, "/", "", 0, 1, 0,
  event = "cmdline_show",
  kind = { { 0, "scro" } }
}
{ 4, "/", "", 0, 1, 0,
  event = "cmdline_show",
  kind = { { 0, "scro" } }
}
{ 5, "/", "", 0, 1, 0,
  event = "cmdline_show",
  kind = { { 0, "scrol" } }
}
{ 5, "/", "", 0, 1, 0,
  event = "cmdline_show",
  kind = { { 0, "scrol" } }
}
{ 6, "/", "", 0, 1, 0,
  event = "cmdline_show",
  kind = { { 0, "scroll" } }
}
{ 6, "/", "", 0, 1, 0,
  event = "cmdline_show",
  kind = { { 0, "scroll" } }
}
{ false,
  event = "cmdline_hide",
  kind = 1
}
{ { { 0, "/scroll             ", 0 } }, false, false,
  event = "msg_show",
  kind = "search_cmd"
}
{ { { 0, "/scroll      W [1/3]", 0 } }, true, false,
  event = "msg_show",
  kind = "search_count"
}
{
  event = "msg_showcmd",
  kind = {}
}
{
  event = "msg_showcmd",
  kind = { { 0, ",", 0 } }
}
{
  event = "msg_showcmd",
  kind = {}
}
{
  event = "msg_showcmd",
  kind = { { 0, ",", 0 } }
}
{
  event = "msg_showcmd",
  kind = {}
}
{
  event = "msg_showcmd",
  kind = { { 0, "u", 0 } }
}
{ { { 0, "1 change; before #118  1 second ago", 0 } }, true, true,
  event = "msg_show",
  kind = "undo"
}
{
  event = "msg_showcmd",
  kind = {}
}
{
  event = "msg_showcmd",
  kind = { { 0, ",", 0 } }
}
{
  event = "msg_showcmd",
  kind = {}
}
